23-Jul-2020 09:56:49.200 信息 [main] org.apache.catalina.startup.VersionLoggerListener.log Server.æå¡å¨çæ¬: Apache Tomcat/@VERSION@
23-Jul-2020 09:56:49.215 信息 [main] org.apache.catalina.startup.VersionLoggerListener.log æå¡å¨æå»º:        @VERSION_BUILT@
23-Jul-2020 09:56:49.215 信息 [main] org.apache.catalina.startup.VersionLoggerListener.log æå¡å¨çæ¬å·(:     @VERSION_NUMBER@
23-Jul-2020 09:56:49.216 信息 [main] org.apache.catalina.startup.VersionLoggerListener.log æä½ç³»ç»åç§°:      Mac OS X
23-Jul-2020 09:56:49.216 信息 [main] org.apache.catalina.startup.VersionLoggerListener.log OS.çæ¬:           10.15.6
23-Jul-2020 09:56:49.216 信息 [main] org.apache.catalina.startup.VersionLoggerListener.log æ¶æ:              x86_64
23-Jul-2020 09:56:49.216 信息 [main] org.apache.catalina.startup.VersionLoggerListener.log Java ç¯å¢åé:     /Library/Java/JavaVirtualMachines/jdk1.8.0_231.jdk/Contents/Home/jre
23-Jul-2020 09:56:49.216 信息 [main] org.apache.catalina.startup.VersionLoggerListener.log Javaèææºçæ¬:    1.8.0_231-b11
23-Jul-2020 09:56:49.217 信息 [main] org.apache.catalina.startup.VersionLoggerListener.log JVM.ä¾åºå:        Oracle Corporation
23-Jul-2020 09:56:49.217 信息 [main] org.apache.catalina.startup.VersionLoggerListener.log CATALINA_BASE:     /Users/luozhipeng/Desktop/tomcatCode/catalina-home
23-Jul-2020 09:56:49.217 信息 [main] org.apache.catalina.startup.VersionLoggerListener.log CATALINA_HOME:     /Users/luozhipeng/Desktop/tomcatCode/catalina-home
23-Jul-2020 09:56:49.223 信息 [main] org.apache.catalina.startup.VersionLoggerListener.log å½ä»¤è¡åæ°ï¼-Dcatalina.home=catalina-home
23-Jul-2020 09:56:49.223 信息 [main] org.apache.catalina.startup.VersionLoggerListener.log å½ä»¤è¡åæ°ï¼-Dcatalina.base=catalina-home
23-Jul-2020 09:56:49.223 信息 [main] org.apache.catalina.startup.VersionLoggerListener.log å½ä»¤è¡åæ°ï¼-Djava.endorsed.dirs=catalina-home/endorsed
23-Jul-2020 09:56:49.224 信息 [main] org.apache.catalina.startup.VersionLoggerListener.log å½ä»¤è¡åæ°ï¼-Djava.io.tmpdir=catalina-home/temp
23-Jul-2020 09:56:49.224 信息 [main] org.apache.catalina.startup.VersionLoggerListener.log å½ä»¤è¡åæ°ï¼-Djava.util.logging.manager=org.apache.juli.ClassLoaderLogManager
23-Jul-2020 09:56:49.224 信息 [main] org.apache.catalina.startup.VersionLoggerListener.log å½ä»¤è¡åæ°ï¼-Djava.util.logging.config.file=catalina-home/conf/logging.properties
23-Jul-2020 09:56:49.224 信息 [main] org.apache.catalina.startup.VersionLoggerListener.log å½ä»¤è¡åæ°ï¼-javaagent:/Applications/IntelliJ IDEA.app/Contents/lib/idea_rt.jar=51725:/Applications/IntelliJ IDEA.app/Contents/bin
23-Jul-2020 09:56:49.224 信息 [main] org.apache.catalina.startup.VersionLoggerListener.log å½ä»¤è¡åæ°ï¼-Dfile.encoding=UTF-8
23-Jul-2020 09:56:49.225 信息 [main] org.apache.catalina.core.AprLifecycleListener.lifecycleEvent å¨java.library.path:[/Users/luozhipeng/Library/Java/Extensions:/Library/Java/Extensions:/Network/Library/Java/Extensions:/System/Library/Java/Extensions:/usr/lib/java:.]ä¸æ¾ä¸å°åºäºAPRçApache Tomcatæ¬æºåºï¼è¯¥åºåè®¸å¨çäº§ç¯å¢ä¸­è·å¾æä½³æ§è½
23-Jul-2020 09:56:49.857 信息 [main] org.apache.coyote.AbstractProtocol.init åå§ååè®®å¤çå¨ ["http-nio-8080"]
23-Jul-2020 09:56:49.973 信息 [main] org.apache.tomcat.util.net.NioSelectorPool.getSharedSelector Using a shared selector for servlet write/read
23-Jul-2020 09:56:50.024 信息 [main] org.apache.catalina.startup.Catalina.load Initialization processed in 2918 ms
23-Jul-2020 09:56:50.188 信息 [main] org.apache.catalina.core.StandardService.startInternal æ­£å¨å¯å¨æå¡[Catalina]
23-Jul-2020 09:56:50.188 信息 [main] org.apache.catalina.core.StandardEngine.startInternal Starting Servlet Engine: Apache Tomcat/@VERSION@
23-Jul-2020 09:56:50.221 信息 [localhost-startStop-1] org.apache.catalina.startup.HostConfig.deployDirectory æweb åºç¨ç¨åºé¨ç½²å°ç®å½ [/Users/luozhipeng/Desktop/tomcatCode/catalina-home/webapps/docs]
23-Jul-2020 09:56:52.169 信息 [localhost-startStop-1] org.apache.catalina.startup.HostConfig.deployDirectory Webåºç¨ç¨åºç®å½[/Users/luozhipeng/Desktop/tomcatCode/catalina-home/webapps/docs]çé¨ç½²å·²å¨[1,934]æ¯«ç§åå®æ
23-Jul-2020 09:56:52.170 信息 [localhost-startStop-1] org.apache.catalina.startup.HostConfig.deployDirectory æweb åºç¨ç¨åºé¨ç½²å°ç®å½ [/Users/luozhipeng/Desktop/tomcatCode/catalina-home/webapps/manager]
23-Jul-2020 09:56:52.793 信息 [localhost-startStop-1] org.apache.catalina.startup.HostConfig.deployDirectory Webåºç¨ç¨åºç®å½[/Users/luozhipeng/Desktop/tomcatCode/catalina-home/webapps/manager]çé¨ç½²å·²å¨[623]æ¯«ç§åå®æ
23-Jul-2020 09:56:52.794 信息 [localhost-startStop-1] org.apache.catalina.startup.HostConfig.deployDirectory æweb åºç¨ç¨åºé¨ç½²å°ç®å½ [/Users/luozhipeng/Desktop/tomcatCode/catalina-home/webapps/examples]
23-Jul-2020 09:56:53.185 严重 [localhost-startStop-1] org.apache.catalina.core.StandardContext.startInternal ä¸ä¸ªæå¤ä¸ªlistenerså¯å¨å¤±è´¥ï¼æ´å¤è¯¦ç»ä¿¡æ¯æ¥çå¯¹åºçå®¹å¨æ¥å¿æä»¶
23-Jul-2020 09:56:53.187 严重 [localhost-startStop-1] org.apache.catalina.core.StandardContext.startInternal ç±äºä¹åçéè¯¯ï¼Context[/examples]å¯å¨å¤±è´¥
23-Jul-2020 09:56:53.211 信息 [localhost-startStop-1] org.apache.catalina.startup.HostConfig.deployDirectory Webåºç¨ç¨åºç®å½[/Users/luozhipeng/Desktop/tomcatCode/catalina-home/webapps/examples]çé¨ç½²å·²å¨[417]æ¯«ç§åå®æ
23-Jul-2020 09:56:53.212 信息 [localhost-startStop-1] org.apache.catalina.startup.HostConfig.deployDirectory æweb åºç¨ç¨åºé¨ç½²å°ç®å½ [/Users/luozhipeng/Desktop/tomcatCode/catalina-home/webapps/ROOT]
23-Jul-2020 09:56:53.443 信息 [localhost-startStop-1] org.apache.catalina.startup.HostConfig.deployDirectory Webåºç¨ç¨åºç®å½[/Users/luozhipeng/Desktop/tomcatCode/catalina-home/webapps/ROOT]çé¨ç½²å·²å¨[230]æ¯«ç§åå®æ
23-Jul-2020 09:56:53.447 信息 [localhost-startStop-1] org.apache.catalina.startup.HostConfig.deployDirectory æweb åºç¨ç¨åºé¨ç½²å°ç®å½ [/Users/luozhipeng/Desktop/tomcatCode/catalina-home/webapps/host-manager]
23-Jul-2020 09:56:53.833 信息 [localhost-startStop-1] org.apache.catalina.startup.HostConfig.deployDirectory Webåºç¨ç¨åºç®å½[/Users/luozhipeng/Desktop/tomcatCode/catalina-home/webapps/host-manager]çé¨ç½²å·²å¨[388]æ¯«ç§åå®æ
23-Jul-2020 09:56:53.842 信息 [main] org.apache.coyote.AbstractProtocol.start å¼å§åè®®å¤çå¥æ["http-nio-8080"]
23-Jul-2020 09:56:53.873 信息 [main] org.apache.catalina.startup.Catalina.start Server startup in 3846 ms
23-Jul-2020 10:04:32.384 信息 [Thread-4] org.apache.coyote.AbstractProtocol.pause æåProtocolHandler["http-nio-8080"]
23-Jul-2020 10:04:32.389 信息 [Thread-4] org.apache.catalina.core.StandardService.stopInternal æ­£å¨åæ­¢æå¡[Catalina]
23-Jul-2020 10:04:32.426 信息 [Thread-4] org.apache.coyote.AbstractProtocol.stop æ­£å¨åæ­¢ProtocolHandler ["http-nio-8080"]
23-Jul-2020 10:04:32.436 信息 [Thread-4] org.apache.coyote.AbstractProtocol.destroy æ­£å¨æ§æ¯åè®®å¤çå¨ ["http-nio-8080"]
23-Jul-2020 10:04:55.113 信息 [main] org.apache.catalina.startup.VersionLoggerListener.log Server.æå¡å¨çæ¬: Apache Tomcat/@VERSION@
23-Jul-2020 10:04:55.122 信息 [main] org.apache.catalina.startup.VersionLoggerListener.log æå¡å¨æå»º:        @VERSION_BUILT@
23-Jul-2020 10:04:55.123 信息 [main] org.apache.catalina.startup.VersionLoggerListener.log æå¡å¨çæ¬å·(:     @VERSION_NUMBER@
23-Jul-2020 10:04:55.124 信息 [main] org.apache.catalina.startup.VersionLoggerListener.log æä½ç³»ç»åç§°:      Mac OS X
23-Jul-2020 10:04:55.124 信息 [main] org.apache.catalina.startup.VersionLoggerListener.log OS.çæ¬:           10.15.6
23-Jul-2020 10:04:55.124 信息 [main] org.apache.catalina.startup.VersionLoggerListener.log æ¶æ:              x86_64
23-Jul-2020 10:04:55.124 信息 [main] org.apache.catalina.startup.VersionLoggerListener.log Java ç¯å¢åé:     /Library/Java/JavaVirtualMachines/jdk1.8.0_231.jdk/Contents/Home/jre
23-Jul-2020 10:04:55.127 信息 [main] org.apache.catalina.startup.VersionLoggerListener.log Javaèææºçæ¬:    1.8.0_231-b11
23-Jul-2020 10:04:55.127 信息 [main] org.apache.catalina.startup.VersionLoggerListener.log JVM.ä¾åºå:        Oracle Corporation
23-Jul-2020 10:04:55.127 信息 [main] org.apache.catalina.startup.VersionLoggerListener.log CATALINA_BASE:     /Users/luozhipeng/Desktop/tomcatCode/catalina-home
23-Jul-2020 10:04:55.128 信息 [main] org.apache.catalina.startup.VersionLoggerListener.log CATALINA_HOME:     /Users/luozhipeng/Desktop/tomcatCode/catalina-home
23-Jul-2020 10:04:55.130 信息 [main] org.apache.catalina.startup.VersionLoggerListener.log å½ä»¤è¡åæ°ï¼-Dcatalina.home=catalina-home
23-Jul-2020 10:04:55.130 信息 [main] org.apache.catalina.startup.VersionLoggerListener.log å½ä»¤è¡åæ°ï¼-Dcatalina.base=catalina-home
23-Jul-2020 10:04:55.130 信息 [main] org.apache.catalina.startup.VersionLoggerListener.log å½ä»¤è¡åæ°ï¼-Djava.endorsed.dirs=catalina-home/endorsed
23-Jul-2020 10:04:55.131 信息 [main] org.apache.catalina.startup.VersionLoggerListener.log å½ä»¤è¡åæ°ï¼-Djava.io.tmpdir=catalina-home/temp
23-Jul-2020 10:04:55.131 信息 [main] org.apache.catalina.startup.VersionLoggerListener.log å½ä»¤è¡åæ°ï¼-Djava.util.logging.manager=org.apache.juli.ClassLoaderLogManager
23-Jul-2020 10:04:55.131 信息 [main] org.apache.catalina.startup.VersionLoggerListener.log å½ä»¤è¡åæ°ï¼-Djava.util.logging.config.file=catalina-home/conf/logging.properties
23-Jul-2020 10:04:55.132 信息 [main] org.apache.catalina.startup.VersionLoggerListener.log å½ä»¤è¡åæ°ï¼-javaagent:/Applications/IntelliJ IDEA.app/Contents/lib/idea_rt.jar=51800:/Applications/IntelliJ IDEA.app/Contents/bin
23-Jul-2020 10:04:55.133 信息 [main] org.apache.catalina.startup.VersionLoggerListener.log å½ä»¤è¡åæ°ï¼-Dfile.encoding=UTF-8
23-Jul-2020 10:04:55.134 信息 [main] org.apache.catalina.core.AprLifecycleListener.lifecycleEvent å¨java.library.path:[/Users/luozhipeng/Library/Java/Extensions:/Library/Java/Extensions:/Network/Library/Java/Extensions:/System/Library/Java/Extensions:/usr/lib/java:.]ä¸æ¾ä¸å°åºäºAPRçApache Tomcatæ¬æºåºï¼è¯¥åºåè®¸å¨çäº§ç¯å¢ä¸­è·å¾æä½³æ§è½
23-Jul-2020 10:04:55.635 信息 [main] org.apache.coyote.AbstractProtocol.init åå§ååè®®å¤çå¨ ["http-nio-8080"]
23-Jul-2020 10:04:55.727 信息 [main] org.apache.tomcat.util.net.NioSelectorPool.getSharedSelector Using a shared selector for servlet write/read
23-Jul-2020 10:04:55.777 信息 [main] org.apache.catalina.startup.Catalina.load Initialization processed in 2479 ms
23-Jul-2020 10:04:55.874 信息 [main] org.apache.catalina.core.StandardService.startInternal æ­£å¨å¯å¨æå¡[Catalina]
23-Jul-2020 10:04:55.874 信息 [main] org.apache.catalina.core.StandardEngine.startInternal Starting Servlet Engine: Apache Tomcat/@VERSION@
23-Jul-2020 10:04:55.917 信息 [localhost-startStop-1] org.apache.catalina.startup.HostConfig.deployDirectory æweb åºç¨ç¨åºé¨ç½²å°ç®å½ [/Users/luozhipeng/Desktop/tomcatCode/catalina-home/webapps/docs]
23-Jul-2020 10:04:56.977 信息 [localhost-startStop-1] org.apache.jasper.servlet.TldScanner.scanJars è³å°æä¸ä¸ªJARè¢«æ«æç¨äºTLDä½å°æªåå«TLDã ä¸ºæ­¤è®°å½å¨å¯ç¨è°è¯æ¥å¿è®°å½ï¼ä»¥è·åå·²æ«æä½æªå¨å¶ä¸­æ¾å°TLDçå®æ´JARåè¡¨ã å¨æ«ææé´è·³è¿ä¸éè¦çJARå¯ä»¥ç¼©ç­å¯å¨æ¶é´åJSPç¼è¯æ¶é´ã
23-Jul-2020 10:04:57.106 信息 [localhost-startStop-1] org.apache.catalina.startup.HostConfig.deployDirectory Webåºç¨ç¨åºç®å½[/Users/luozhipeng/Desktop/tomcatCode/catalina-home/webapps/docs]çé¨ç½²å·²å¨[1,184]æ¯«ç§åå®æ
23-Jul-2020 10:04:57.108 信息 [localhost-startStop-1] org.apache.catalina.startup.HostConfig.deployDirectory æweb åºç¨ç¨åºé¨ç½²å°ç®å½ [/Users/luozhipeng/Desktop/tomcatCode/catalina-home/webapps/manager]
23-Jul-2020 10:04:57.587 信息 [localhost-startStop-1] org.apache.jasper.servlet.TldScanner.scanJars è³å°æä¸ä¸ªJARè¢«æ«æç¨äºTLDä½å°æªåå«TLDã ä¸ºæ­¤è®°å½å¨å¯ç¨è°è¯æ¥å¿è®°å½ï¼ä»¥è·åå·²æ«æä½æªå¨å¶ä¸­æ¾å°TLDçå®æ´JARåè¡¨ã å¨æ«ææé´è·³è¿ä¸éè¦çJARå¯ä»¥ç¼©ç­å¯å¨æ¶é´åJSPç¼è¯æ¶é´ã
23-Jul-2020 10:04:57.612 信息 [localhost-startStop-1] org.apache.catalina.startup.HostConfig.deployDirectory Webåºç¨ç¨åºç®å½[/Users/luozhipeng/Desktop/tomcatCode/catalina-home/webapps/manager]çé¨ç½²å·²å¨[505]æ¯«ç§åå®æ
23-Jul-2020 10:04:57.613 信息 [localhost-startStop-1] org.apache.catalina.startup.HostConfig.deployDirectory æweb åºç¨ç¨åºé¨ç½²å°ç®å½ [/Users/luozhipeng/Desktop/tomcatCode/catalina-home/webapps/examples]
23-Jul-2020 10:04:58.134 信息 [localhost-startStop-1] org.apache.jasper.servlet.TldScanner.scanJars è³å°æä¸ä¸ªJARè¢«æ«æç¨äºTLDä½å°æªåå«TLDã ä¸ºæ­¤è®°å½å¨å¯ç¨è°è¯æ¥å¿è®°å½ï¼ä»¥è·åå·²æ«æä½æªå¨å¶ä¸­æ¾å°TLDçå®æ´JARåè¡¨ã å¨æ«ææé´è·³è¿ä¸éè¦çJARå¯ä»¥ç¼©ç­å¯å¨æ¶é´åJSPç¼è¯æ¶é´ã
23-Jul-2020 10:04:58.175 严重 [localhost-startStop-1] org.apache.catalina.core.StandardContext.startInternal ä¸ä¸ªæå¤ä¸ªlistenerså¯å¨å¤±è´¥ï¼æ´å¤è¯¦ç»ä¿¡æ¯æ¥çå¯¹åºçå®¹å¨æ¥å¿æä»¶
23-Jul-2020 10:04:58.179 严重 [localhost-startStop-1] org.apache.catalina.core.StandardContext.startInternal ç±äºä¹åçéè¯¯ï¼Context[/examples]å¯å¨å¤±è´¥
23-Jul-2020 10:04:58.204 信息 [localhost-startStop-1] org.apache.catalina.startup.HostConfig.deployDirectory Webåºç¨ç¨åºç®å½[/Users/luozhipeng/Desktop/tomcatCode/catalina-home/webapps/examples]çé¨ç½²å·²å¨[591]æ¯«ç§åå®æ
23-Jul-2020 10:04:58.205 信息 [localhost-startStop-1] org.apache.catalina.startup.HostConfig.deployDirectory æweb åºç¨ç¨åºé¨ç½²å°ç®å½ [/Users/luozhipeng/Desktop/tomcatCode/catalina-home/webapps/ROOT]
23-Jul-2020 10:04:58.540 信息 [localhost-startStop-1] org.apache.jasper.servlet.TldScanner.scanJars è³å°æä¸ä¸ªJARè¢«æ«æç¨äºTLDä½å°æªåå«TLDã ä¸ºæ­¤è®°å½å¨å¯ç¨è°è¯æ¥å¿è®°å½ï¼ä»¥è·åå·²æ«æä½æªå¨å¶ä¸­æ¾å°TLDçå®æ´JARåè¡¨ã å¨æ«ææé´è·³è¿ä¸éè¦çJARå¯ä»¥ç¼©ç­å¯å¨æ¶é´åJSPç¼è¯æ¶é´ã
23-Jul-2020 10:04:58.543 信息 [localhost-startStop-1] org.apache.catalina.startup.HostConfig.deployDirectory Webåºç¨ç¨åºç®å½[/Users/luozhipeng/Desktop/tomcatCode/catalina-home/webapps/ROOT]çé¨ç½²å·²å¨[338]æ¯«ç§åå®æ
23-Jul-2020 10:04:58.543 信息 [localhost-startStop-1] org.apache.catalina.startup.HostConfig.deployDirectory æweb åºç¨ç¨åºé¨ç½²å°ç®å½ [/Users/luozhipeng/Desktop/tomcatCode/catalina-home/webapps/host-manager]
23-Jul-2020 10:04:58.825 信息 [localhost-startStop-1] org.apache.jasper.servlet.TldScanner.scanJars è³å°æä¸ä¸ªJARè¢«æ«æç¨äºTLDä½å°æªåå«TLDã ä¸ºæ­¤è®°å½å¨å¯ç¨è°è¯æ¥å¿è®°å½ï¼ä»¥è·åå·²æ«æä½æªå¨å¶ä¸­æ¾å°TLDçå®æ´JARåè¡¨ã å¨æ«ææé´è·³è¿ä¸éè¦çJARå¯ä»¥ç¼©ç­å¯å¨æ¶é´åJSPç¼è¯æ¶é´ã
23-Jul-2020 10:04:58.828 信息 [localhost-startStop-1] org.apache.catalina.startup.HostConfig.deployDirectory Webåºç¨ç¨åºç®å½[/Users/luozhipeng/Desktop/tomcatCode/catalina-home/webapps/host-manager]çé¨ç½²å·²å¨[285]æ¯«ç§åå®æ
23-Jul-2020 10:04:58.838 信息 [main] org.apache.coyote.AbstractProtocol.start å¼å§åè®®å¤çå¥æ["http-nio-8080"]
23-Jul-2020 10:04:58.874 信息 [main] org.apache.catalina.startup.Catalina.start Server startup in 3096 ms
23-Jul-2020 10:09:08.638 信息 [Thread-4] org.apache.coyote.AbstractProtocol.pause æåProtocolHandler["http-nio-8080"]
23-Jul-2020 10:09:08.644 信息 [Thread-4] org.apache.catalina.core.StandardService.stopInternal æ­£å¨åæ­¢æå¡[Catalina]
23-Jul-2020 10:09:08.687 信息 [Thread-4] org.apache.coyote.AbstractProtocol.stop æ­£å¨åæ­¢ProtocolHandler ["http-nio-8080"]
23-Jul-2020 10:09:08.693 信息 [Thread-4] org.apache.coyote.AbstractProtocol.destroy æ­£å¨æ§æ¯åè®®å¤çå¨ ["http-nio-8080"]
23-Jul-2020 10:09:20.457 信息 [main] org.apache.catalina.startup.VersionLoggerListener.log Server.æå¡å¨çæ¬: Apache Tomcat/@VERSION@
23-Jul-2020 10:09:20.466 信息 [main] org.apache.catalina.startup.VersionLoggerListener.log æå¡å¨æå»º:        @VERSION_BUILT@
23-Jul-2020 10:09:20.466 信息 [main] org.apache.catalina.startup.VersionLoggerListener.log æå¡å¨çæ¬å·(:     @VERSION_NUMBER@
23-Jul-2020 10:09:20.466 信息 [main] org.apache.catalina.startup.VersionLoggerListener.log æä½ç³»ç»åç§°:      Mac OS X
23-Jul-2020 10:09:20.467 信息 [main] org.apache.catalina.startup.VersionLoggerListener.log OS.çæ¬:           10.15.6
23-Jul-2020 10:09:20.467 信息 [main] org.apache.catalina.startup.VersionLoggerListener.log æ¶æ:              x86_64
23-Jul-2020 10:09:20.467 信息 [main] org.apache.catalina.startup.VersionLoggerListener.log Java ç¯å¢åé:     /Library/Java/JavaVirtualMachines/jdk1.8.0_231.jdk/Contents/Home/jre
23-Jul-2020 10:09:20.467 信息 [main] org.apache.catalina.startup.VersionLoggerListener.log Javaèææºçæ¬:    1.8.0_231-b11
23-Jul-2020 10:09:20.467 信息 [main] org.apache.catalina.startup.VersionLoggerListener.log JVM.ä¾åºå:        Oracle Corporation
23-Jul-2020 10:09:20.467 信息 [main] org.apache.catalina.startup.VersionLoggerListener.log CATALINA_BASE:     /Users/luozhipeng/Desktop/tomcatCode/catalina-home
23-Jul-2020 10:09:20.467 信息 [main] org.apache.catalina.startup.VersionLoggerListener.log CATALINA_HOME:     /Users/luozhipeng/Desktop/tomcatCode/catalina-home
23-Jul-2020 10:09:20.469 信息 [main] org.apache.catalina.startup.VersionLoggerListener.log å½ä»¤è¡åæ°ï¼-Dcatalina.home=catalina-home
23-Jul-2020 10:09:20.470 信息 [main] org.apache.catalina.startup.VersionLoggerListener.log å½ä»¤è¡åæ°ï¼-Dcatalina.base=catalina-home
23-Jul-2020 10:09:20.470 信息 [main] org.apache.catalina.startup.VersionLoggerListener.log å½ä»¤è¡åæ°ï¼-Djava.endorsed.dirs=catalina-home/endorsed
23-Jul-2020 10:09:20.470 信息 [main] org.apache.catalina.startup.VersionLoggerListener.log å½ä»¤è¡åæ°ï¼-Djava.io.tmpdir=catalina-home/temp
23-Jul-2020 10:09:20.470 信息 [main] org.apache.catalina.startup.VersionLoggerListener.log å½ä»¤è¡åæ°ï¼-Djava.util.logging.manager=org.apache.juli.ClassLoaderLogManager
23-Jul-2020 10:09:20.470 信息 [main] org.apache.catalina.startup.VersionLoggerListener.log å½ä»¤è¡åæ°ï¼-Djava.util.logging.config.file=catalina-home/conf/logging.properties
23-Jul-2020 10:09:20.470 信息 [main] org.apache.catalina.startup.VersionLoggerListener.log å½ä»¤è¡åæ°ï¼-Dfile.encoding=UTF-8
23-Jul-2020 10:09:20.471 信息 [main] org.apache.catalina.startup.VersionLoggerListener.log å½ä»¤è¡åæ°ï¼-javaagent:/Applications/IntelliJ IDEA.app/Contents/lib/idea_rt.jar=52009:/Applications/IntelliJ IDEA.app/Contents/bin
23-Jul-2020 10:09:20.471 信息 [main] org.apache.catalina.core.AprLifecycleListener.lifecycleEvent å¨java.library.path:[/Users/luozhipeng/Library/Java/Extensions:/Library/Java/Extensions:/Network/Library/Java/Extensions:/System/Library/Java/Extensions:/usr/lib/java:.]ä¸æ¾ä¸å°åºäºAPRçApache Tomcatæ¬æºåºï¼è¯¥åºåè®¸å¨çäº§ç¯å¢ä¸­è·å¾æä½³æ§è½
23-Jul-2020 10:09:20.768 信息 [main] org.apache.coyote.AbstractProtocol.init åå§ååè®®å¤çå¨ ["http-nio-8080"]
23-Jul-2020 10:09:20.829 信息 [main] org.apache.tomcat.util.net.NioSelectorPool.getSharedSelector Using a shared selector for servlet write/read
23-Jul-2020 10:09:20.858 信息 [main] org.apache.catalina.startup.Catalina.load Initialization processed in 1703 ms
23-Jul-2020 10:09:20.963 信息 [main] org.apache.catalina.core.StandardService.startInternal æ­£å¨å¯å¨æå¡[Catalina]
23-Jul-2020 10:09:20.964 信息 [main] org.apache.catalina.core.StandardEngine.startInternal Starting Servlet Engine: Apache Tomcat/@VERSION@
23-Jul-2020 10:09:20.993 信息 [localhost-startStop-1] org.apache.catalina.startup.HostConfig.deployDirectory æweb åºç¨ç¨åºé¨ç½²å°ç®å½ [/Users/luozhipeng/Desktop/tomcatCode/catalina-home/webapps/docs]
23-Jul-2020 10:09:21.778 信息 [localhost-startStop-1] org.apache.jasper.servlet.TldScanner.scanJars è³å°æä¸ä¸ªJARè¢«æ«æç¨äºTLDä½å°æªåå«TLDã ä¸ºæ­¤è®°å½å¨å¯ç¨è°è¯æ¥å¿è®°å½ï¼ä»¥è·åå·²æ«æä½æªå¨å¶ä¸­æ¾å°TLDçå®æ´JARåè¡¨ã å¨æ«ææé´è·³è¿ä¸éè¦çJARå¯ä»¥ç¼©ç­å¯å¨æ¶é´åJSPç¼è¯æ¶é´ã
23-Jul-2020 10:09:21.860 信息 [localhost-startStop-1] org.apache.catalina.startup.HostConfig.deployDirectory Webåºç¨ç¨åºç®å½[/Users/luozhipeng/Desktop/tomcatCode/catalina-home/webapps/docs]çé¨ç½²å·²å¨[864]æ¯«ç§åå®æ
23-Jul-2020 10:09:21.861 信息 [localhost-startStop-1] org.apache.catalina.startup.HostConfig.deployDirectory æweb åºç¨ç¨åºé¨ç½²å°ç®å½ [/Users/luozhipeng/Desktop/tomcatCode/catalina-home/webapps/manager]
23-Jul-2020 10:09:22.034 信息 [localhost-startStop-1] org.apache.jasper.servlet.TldScanner.scanJars è³å°æä¸ä¸ªJARè¢«æ«æç¨äºTLDä½å°æªåå«TLDã ä¸ºæ­¤è®°å½å¨å¯ç¨è°è¯æ¥å¿è®°å½ï¼ä»¥è·åå·²æ«æä½æªå¨å¶ä¸­æ¾å°TLDçå®æ´JARåè¡¨ã å¨æ«ææé´è·³è¿ä¸éè¦çJARå¯ä»¥ç¼©ç­å¯å¨æ¶é´åJSPç¼è¯æ¶é´ã
23-Jul-2020 10:09:22.052 信息 [localhost-startStop-1] org.apache.catalina.startup.HostConfig.deployDirectory Webåºç¨ç¨åºç®å½[/Users/luozhipeng/Desktop/tomcatCode/catalina-home/webapps/manager]çé¨ç½²å·²å¨[191]æ¯«ç§åå®æ
23-Jul-2020 10:09:22.052 信息 [localhost-startStop-1] org.apache.catalina.startup.HostConfig.deployDirectory æweb åºç¨ç¨åºé¨ç½²å°ç®å½ [/Users/luozhipeng/Desktop/tomcatCode/catalina-home/webapps/examples]
23-Jul-2020 10:09:22.463 信息 [localhost-startStop-1] org.apache.jasper.servlet.TldScanner.scanJars è³å°æä¸ä¸ªJARè¢«æ«æç¨äºTLDä½å°æªåå«TLDã ä¸ºæ­¤è®°å½å¨å¯ç¨è°è¯æ¥å¿è®°å½ï¼ä»¥è·åå·²æ«æä½æªå¨å¶ä¸­æ¾å°TLDçå®æ´JARåè¡¨ã å¨æ«ææé´è·³è¿ä¸éè¦çJARå¯ä»¥ç¼©ç­å¯å¨æ¶é´åJSPç¼è¯æ¶é´ã
23-Jul-2020 10:09:22.488 严重 [localhost-startStop-1] org.apache.catalina.core.StandardContext.startInternal ä¸ä¸ªæå¤ä¸ªlistenerså¯å¨å¤±è´¥ï¼æ´å¤è¯¦ç»ä¿¡æ¯æ¥çå¯¹åºçå®¹å¨æ¥å¿æä»¶
23-Jul-2020 10:09:22.489 严重 [localhost-startStop-1] org.apache.catalina.core.StandardContext.startInternal ç±äºä¹åçéè¯¯ï¼Context[/examples]å¯å¨å¤±è´¥
23-Jul-2020 10:09:22.503 信息 [localhost-startStop-1] org.apache.catalina.startup.HostConfig.deployDirectory Webåºç¨ç¨åºç®å½[/Users/luozhipeng/Desktop/tomcatCode/catalina-home/webapps/examples]çé¨ç½²å·²å¨[451]æ¯«ç§åå®æ
23-Jul-2020 10:09:22.504 信息 [localhost-startStop-1] org.apache.catalina.startup.HostConfig.deployDirectory æweb åºç¨ç¨åºé¨ç½²å°ç®å½ [/Users/luozhipeng/Desktop/tomcatCode/catalina-home/webapps/ROOT]
23-Jul-2020 10:09:22.761 信息 [localhost-startStop-1] org.apache.jasper.servlet.TldScanner.scanJars è³å°æä¸ä¸ªJARè¢«æ«æç¨äºTLDä½å°æªåå«TLDã ä¸ºæ­¤è®°å½å¨å¯ç¨è°è¯æ¥å¿è®°å½ï¼ä»¥è·åå·²æ«æä½æªå¨å¶ä¸­æ¾å°TLDçå®æ´JARåè¡¨ã å¨æ«ææé´è·³è¿ä¸éè¦çJARå¯ä»¥ç¼©ç­å¯å¨æ¶é´åJSPç¼è¯æ¶é´ã
23-Jul-2020 10:09:22.765 信息 [localhost-startStop-1] org.apache.catalina.startup.HostConfig.deployDirectory Webåºç¨ç¨åºç®å½[/Users/luozhipeng/Desktop/tomcatCode/catalina-home/webapps/ROOT]çé¨ç½²å·²å¨[261]æ¯«ç§åå®æ
23-Jul-2020 10:09:22.766 信息 [localhost-startStop-1] org.apache.catalina.startup.HostConfig.deployDirectory æweb åºç¨ç¨åºé¨ç½²å°ç®å½ [/Users/luozhipeng/Desktop/tomcatCode/catalina-home/webapps/host-manager]
23-Jul-2020 10:09:22.942 信息 [localhost-startStop-1] org.apache.jasper.servlet.TldScanner.scanJars è³å°æä¸ä¸ªJARè¢«æ«æç¨äºTLDä½å°æªåå«TLDã ä¸ºæ­¤è®°å½å¨å¯ç¨è°è¯æ¥å¿è®°å½ï¼ä»¥è·åå·²æ«æä½æªå¨å¶ä¸­æ¾å°TLDçå®æ´JARåè¡¨ã å¨æ«ææé´è·³è¿ä¸éè¦çJARå¯ä»¥ç¼©ç­å¯å¨æ¶é´åJSPç¼è¯æ¶é´ã
23-Jul-2020 10:09:22.946 信息 [localhost-startStop-1] org.apache.catalina.startup.HostConfig.deployDirectory Webåºç¨ç¨åºç®å½[/Users/luozhipeng/Desktop/tomcatCode/catalina-home/webapps/host-manager]çé¨ç½²å·²å¨[180]æ¯«ç§åå®æ
23-Jul-2020 10:09:22.954 信息 [main] org.apache.coyote.AbstractProtocol.start å¼å§åè®®å¤çå¥æ["http-nio-8080"]
23-Jul-2020 10:09:22.985 信息 [main] org.apache.catalina.startup.Catalina.start Server startup in 2126 ms
23-Jul-2020 10:09:34.506 信息 [Thread-4] org.apache.coyote.AbstractProtocol.pause æåProtocolHandler["http-nio-8080"]
23-Jul-2020 10:09:34.524 信息 [Thread-4] org.apache.catalina.core.StandardService.stopInternal æ­£å¨åæ­¢æå¡[Catalina]
23-Jul-2020 10:09:34.551 信息 [Thread-4] org.apache.coyote.AbstractProtocol.stop æ­£å¨åæ­¢ProtocolHandler ["http-nio-8080"]
23-Jul-2020 10:09:34.563 信息 [Thread-4] org.apache.coyote.AbstractProtocol.destroy æ­£å¨æ§æ¯åè®®å¤çå¨ ["http-nio-8080"]
23-Jul-2020 10:10:33.027 信息 [main] org.apache.catalina.startup.VersionLoggerListener.log Server.æå¡å¨çæ¬: Apache Tomcat/@VERSION@
23-Jul-2020 10:10:33.041 信息 [main] org.apache.catalina.startup.VersionLoggerListener.log æå¡å¨æå»º:        @VERSION_BUILT@
23-Jul-2020 10:10:33.042 信息 [main] org.apache.catalina.startup.VersionLoggerListener.log æå¡å¨çæ¬å·(:     @VERSION_NUMBER@
23-Jul-2020 10:10:33.043 信息 [main] org.apache.catalina.startup.VersionLoggerListener.log æä½ç³»ç»åç§°:      Mac OS X
23-Jul-2020 10:10:33.044 信息 [main] org.apache.catalina.startup.VersionLoggerListener.log OS.çæ¬:           10.15.6
23-Jul-2020 10:10:33.045 信息 [main] org.apache.catalina.startup.VersionLoggerListener.log æ¶æ:              x86_64
23-Jul-2020 10:10:33.045 信息 [main] org.apache.catalina.startup.VersionLoggerListener.log Java ç¯å¢åé:     /Library/Java/JavaVirtualMachines/jdk1.8.0_231.jdk/Contents/Home/jre
23-Jul-2020 10:10:33.047 信息 [main] org.apache.catalina.startup.VersionLoggerListener.log Javaèææºçæ¬:    1.8.0_231-b11
23-Jul-2020 10:10:33.048 信息 [main] org.apache.catalina.startup.VersionLoggerListener.log JVM.ä¾åºå:        Oracle Corporation
23-Jul-2020 10:10:33.048 信息 [main] org.apache.catalina.startup.VersionLoggerListener.log CATALINA_BASE:     /Users/luozhipeng/Desktop/tomcatCode/catalina-home
23-Jul-2020 10:10:33.049 信息 [main] org.apache.catalina.startup.VersionLoggerListener.log CATALINA_HOME:     /Users/luozhipeng/Desktop/tomcatCode/catalina-home
23-Jul-2020 10:10:33.053 信息 [main] org.apache.catalina.startup.VersionLoggerListener.log å½ä»¤è¡åæ°ï¼-agentlib:jdwp=transport=dt_socket,address=127.0.0.1:52029,suspend=y,server=n
23-Jul-2020 10:10:33.053 信息 [main] org.apache.catalina.startup.VersionLoggerListener.log å½ä»¤è¡åæ°ï¼-Dfile.encoding=UTF-8
23-Jul-2020 10:10:33.054 信息 [main] org.apache.catalina.startup.VersionLoggerListener.log å½ä»¤è¡åæ°ï¼-Dcatalina.home=catalina-home
23-Jul-2020 10:10:33.055 信息 [main] org.apache.catalina.startup.VersionLoggerListener.log å½ä»¤è¡åæ°ï¼-Dcatalina.base=catalina-home
23-Jul-2020 10:10:33.055 信息 [main] org.apache.catalina.startup.VersionLoggerListener.log å½ä»¤è¡åæ°ï¼-Djava.endorsed.dirs=catalina-home/endorsed
23-Jul-2020 10:10:33.055 信息 [main] org.apache.catalina.startup.VersionLoggerListener.log å½ä»¤è¡åæ°ï¼-Djava.io.tmpdir=catalina-home/temp
23-Jul-2020 10:10:33.055 信息 [main] org.apache.catalina.startup.VersionLoggerListener.log å½ä»¤è¡åæ°ï¼-Djava.util.logging.manager=org.apache.juli.ClassLoaderLogManager
23-Jul-2020 10:10:33.055 信息 [main] org.apache.catalina.startup.VersionLoggerListener.log å½ä»¤è¡åæ°ï¼-Djava.util.logging.config.file=catalina-home/conf/logging.properties
23-Jul-2020 10:10:33.056 信息 [main] org.apache.catalina.startup.VersionLoggerListener.log å½ä»¤è¡åæ°ï¼-javaagent:/Users/luozhipeng/Library/Caches/IntelliJIdea2019.3/captureAgent/debugger-agent.jar
23-Jul-2020 10:10:33.056 信息 [main] org.apache.catalina.core.AprLifecycleListener.lifecycleEvent å¨java.library.path:[/Users/luozhipeng/Library/Java/Extensions:/Library/Java/Extensions:/Network/Library/Java/Extensions:/System/Library/Java/Extensions:/usr/lib/java:.]ä¸æ¾ä¸å°åºäºAPRçApache Tomcatæ¬æºåºï¼è¯¥åºåè®¸å¨çäº§ç¯å¢ä¸­è·å¾æä½³æ§è½
23-Jul-2020 10:10:33.652 信息 [main] org.apache.coyote.AbstractProtocol.init åå§ååè®®å¤çå¨ ["http-nio-8080"]
23-Jul-2020 10:10:33.728 信息 [main] org.apache.tomcat.util.net.NioSelectorPool.getSharedSelector Using a shared selector for servlet write/read
23-Jul-2020 10:10:33.780 信息 [main] org.apache.catalina.startup.Catalina.load Initialization processed in 3867 ms
23-Jul-2020 10:10:33.899 信息 [main] org.apache.catalina.core.StandardService.startInternal æ­£å¨å¯å¨æå¡[Catalina]
23-Jul-2020 10:10:33.899 信息 [main] org.apache.catalina.core.StandardEngine.startInternal Starting Servlet Engine: Apache Tomcat/@VERSION@
23-Jul-2020 10:10:34.036 信息 [localhost-startStop-1] org.apache.catalina.startup.HostConfig.deployDirectory æweb åºç¨ç¨åºé¨ç½²å°ç®å½ [/Users/luozhipeng/Desktop/tomcatCode/catalina-home/webapps/docs]
23-Jul-2020 10:10:35.167 信息 [localhost-startStop-1] org.apache.jasper.servlet.TldScanner.scanJars è³å°æä¸ä¸ªJARè¢«æ«æç¨äºTLDä½å°æªåå«TLDã ä¸ºæ­¤è®°å½å¨å¯ç¨è°è¯æ¥å¿è®°å½ï¼ä»¥è·åå·²æ«æä½æªå¨å¶ä¸­æ¾å°TLDçå®æ´JARåè¡¨ã å¨æ«ææé´è·³è¿ä¸éè¦çJARå¯ä»¥ç¼©ç­å¯å¨æ¶é´åJSPç¼è¯æ¶é´ã
23-Jul-2020 10:10:35.357 信息 [localhost-startStop-1] org.apache.catalina.startup.HostConfig.deployDirectory Webåºç¨ç¨åºç®å½[/Users/luozhipeng/Desktop/tomcatCode/catalina-home/webapps/docs]çé¨ç½²å·²å¨[1,314]æ¯«ç§åå®æ
23-Jul-2020 10:10:35.358 信息 [localhost-startStop-1] org.apache.catalina.startup.HostConfig.deployDirectory æweb åºç¨ç¨åºé¨ç½²å°ç®å½ [/Users/luozhipeng/Desktop/tomcatCode/catalina-home/webapps/manager]
23-Jul-2020 10:10:35.764 信息 [localhost-startStop-1] org.apache.jasper.servlet.TldScanner.scanJars è³å°æä¸ä¸ªJARè¢«æ«æç¨äºTLDä½å°æªåå«TLDã ä¸ºæ­¤è®°å½å¨å¯ç¨è°è¯æ¥å¿è®°å½ï¼ä»¥è·åå·²æ«æä½æªå¨å¶ä¸­æ¾å°TLDçå®æ´JARåè¡¨ã å¨æ«ææé´è·³è¿ä¸éè¦çJARå¯ä»¥ç¼©ç­å¯å¨æ¶é´åJSPç¼è¯æ¶é´ã
23-Jul-2020 10:10:35.790 信息 [localhost-startStop-1] org.apache.catalina.startup.HostConfig.deployDirectory Webåºç¨ç¨åºç®å½[/Users/luozhipeng/Desktop/tomcatCode/catalina-home/webapps/manager]çé¨ç½²å·²å¨[431]æ¯«ç§åå®æ
23-Jul-2020 10:10:35.790 信息 [localhost-startStop-1] org.apache.catalina.startup.HostConfig.deployDirectory æweb åºç¨ç¨åºé¨ç½²å°ç®å½ [/Users/luozhipeng/Desktop/tomcatCode/catalina-home/webapps/examples]
23-Jul-2020 10:10:36.504 信息 [localhost-startStop-1] org.apache.jasper.servlet.TldScanner.scanJars è³å°æä¸ä¸ªJARè¢«æ«æç¨äºTLDä½å°æªåå«TLDã ä¸ºæ­¤è®°å½å¨å¯ç¨è°è¯æ¥å¿è®°å½ï¼ä»¥è·åå·²æ«æä½æªå¨å¶ä¸­æ¾å°TLDçå®æ´JARåè¡¨ã å¨æ«ææé´è·³è¿ä¸éè¦çJARå¯ä»¥ç¼©ç­å¯å¨æ¶é´åJSPç¼è¯æ¶é´ã
23-Jul-2020 10:10:36.584 严重 [localhost-startStop-1] org.apache.catalina.core.StandardContext.startInternal ä¸ä¸ªæå¤ä¸ªlistenerså¯å¨å¤±è´¥ï¼æ´å¤è¯¦ç»ä¿¡æ¯æ¥çå¯¹åºçå®¹å¨æ¥å¿æä»¶
23-Jul-2020 10:10:36.586 严重 [localhost-startStop-1] org.apache.catalina.core.StandardContext.startInternal ç±äºä¹åçéè¯¯ï¼Context[/examples]å¯å¨å¤±è´¥
23-Jul-2020 10:10:36.616 信息 [localhost-startStop-1] org.apache.catalina.startup.HostConfig.deployDirectory Webåºç¨ç¨åºç®å½[/Users/luozhipeng/Desktop/tomcatCode/catalina-home/webapps/examples]çé¨ç½²å·²å¨[826]æ¯«ç§åå®æ
23-Jul-2020 10:10:36.617 信息 [localhost-startStop-1] org.apache.catalina.startup.HostConfig.deployDirectory æweb åºç¨ç¨åºé¨ç½²å°ç®å½ [/Users/luozhipeng/Desktop/tomcatCode/catalina-home/webapps/ROOT]
23-Jul-2020 10:10:36.917 信息 [localhost-startStop-1] org.apache.jasper.servlet.TldScanner.scanJars è³å°æä¸ä¸ªJARè¢«æ«æç¨äºTLDä½å°æªåå«TLDã ä¸ºæ­¤è®°å½å¨å¯ç¨è°è¯æ¥å¿è®°å½ï¼ä»¥è·åå·²æ«æä½æªå¨å¶ä¸­æ¾å°TLDçå®æ´JARåè¡¨ã å¨æ«ææé´è·³è¿ä¸éè¦çJARå¯ä»¥ç¼©ç­å¯å¨æ¶é´åJSPç¼è¯æ¶é´ã
23-Jul-2020 10:10:36.924 信息 [localhost-startStop-1] org.apache.catalina.startup.HostConfig.deployDirectory Webåºç¨ç¨åºç®å½[/Users/luozhipeng/Desktop/tomcatCode/catalina-home/webapps/ROOT]çé¨ç½²å·²å¨[308]æ¯«ç§åå®æ
23-Jul-2020 10:10:36.926 信息 [localhost-startStop-1] org.apache.catalina.startup.HostConfig.deployDirectory æweb åºç¨ç¨åºé¨ç½²å°ç®å½ [/Users/luozhipeng/Desktop/tomcatCode/catalina-home/webapps/host-manager]
23-Jul-2020 10:10:37.226 信息 [localhost-startStop-1] org.apache.jasper.servlet.TldScanner.scanJars è³å°æä¸ä¸ªJARè¢«æ«æç¨äºTLDä½å°æªåå«TLDã ä¸ºæ­¤è®°å½å¨å¯ç¨è°è¯æ¥å¿è®°å½ï¼ä»¥è·åå·²æ«æä½æªå¨å¶ä¸­æ¾å°TLDçå®æ´JARåè¡¨ã å¨æ«ææé´è·³è¿ä¸éè¦çJARå¯ä»¥ç¼©ç­å¯å¨æ¶é´åJSPç¼è¯æ¶é´ã
23-Jul-2020 10:10:37.240 信息 [localhost-startStop-1] org.apache.catalina.startup.HostConfig.deployDirectory Webåºç¨ç¨åºç®å½[/Users/luozhipeng/Desktop/tomcatCode/catalina-home/webapps/host-manager]çé¨ç½²å·²å¨[313]æ¯«ç§åå®æ
23-Jul-2020 10:10:37.250 信息 [main] org.apache.coyote.AbstractProtocol.start å¼å§åè®®å¤çå¥æ["http-nio-8080"]
23-Jul-2020 10:10:37.280 信息 [main] org.apache.catalina.startup.Catalina.start Server startup in 3499 ms
23-Jul-2020 10:10:42.425 信息 [Thread-4] org.apache.coyote.AbstractProtocol.pause æåProtocolHandler["http-nio-8080"]
23-Jul-2020 10:10:42.443 信息 [Thread-4] org.apache.catalina.core.StandardService.stopInternal æ­£å¨åæ­¢æå¡[Catalina]
23-Jul-2020 10:10:42.462 信息 [Thread-4] org.apache.coyote.AbstractProtocol.stop æ­£å¨åæ­¢ProtocolHandler ["http-nio-8080"]
23-Jul-2020 10:10:42.471 信息 [Thread-4] org.apache.coyote.AbstractProtocol.destroy æ­£å¨æ§æ¯åè®®å¤çå¨ ["http-nio-8080"]
23-Jul-2020 10:13:02.617 信息 [main] org.apache.catalina.startup.VersionLoggerListener.log Server.æå¡å¨çæ¬: Apache Tomcat/@VERSION@
23-Jul-2020 10:13:02.628 信息 [main] org.apache.catalina.startup.VersionLoggerListener.log æå¡å¨æå»º:        @VERSION_BUILT@
23-Jul-2020 10:13:02.629 信息 [main] org.apache.catalina.startup.VersionLoggerListener.log æå¡å¨çæ¬å·(:     @VERSION_NUMBER@
23-Jul-2020 10:13:02.630 信息 [main] org.apache.catalina.startup.VersionLoggerListener.log æä½ç³»ç»åç§°:      Mac OS X
23-Jul-2020 10:13:02.631 信息 [main] org.apache.catalina.startup.VersionLoggerListener.log OS.çæ¬:           10.15.6
23-Jul-2020 10:13:02.631 信息 [main] org.apache.catalina.startup.VersionLoggerListener.log æ¶æ:              x86_64
23-Jul-2020 10:13:02.631 信息 [main] org.apache.catalina.startup.VersionLoggerListener.log Java ç¯å¢åé:     /Library/Java/JavaVirtualMachines/jdk1.8.0_231.jdk/Contents/Home/jre
23-Jul-2020 10:13:02.636 信息 [main] org.apache.catalina.startup.VersionLoggerListener.log Javaèææºçæ¬:    1.8.0_231-b11
23-Jul-2020 10:13:02.637 信息 [main] org.apache.catalina.startup.VersionLoggerListener.log JVM.ä¾åºå:        Oracle Corporation
23-Jul-2020 10:13:02.637 信息 [main] org.apache.catalina.startup.VersionLoggerListener.log CATALINA_BASE:     /Users/luozhipeng/Desktop/tomcatCode/catalina-home
23-Jul-2020 10:13:02.638 信息 [main] org.apache.catalina.startup.VersionLoggerListener.log CATALINA_HOME:     /Users/luozhipeng/Desktop/tomcatCode/catalina-home
23-Jul-2020 10:13:02.639 信息 [main] org.apache.catalina.startup.VersionLoggerListener.log å½ä»¤è¡åæ°ï¼-Dfile.encoding=UTF-8
23-Jul-2020 10:13:02.639 信息 [main] org.apache.catalina.startup.VersionLoggerListener.log å½ä»¤è¡åæ°ï¼-Dcatalina.home=catalina-home
23-Jul-2020 10:13:02.640 信息 [main] org.apache.catalina.startup.VersionLoggerListener.log å½ä»¤è¡åæ°ï¼-Dcatalina.base=catalina-home
23-Jul-2020 10:13:02.640 信息 [main] org.apache.catalina.startup.VersionLoggerListener.log å½ä»¤è¡åæ°ï¼-Djava.endorsed.dirs=catalina-home/endorsed
23-Jul-2020 10:13:02.640 信息 [main] org.apache.catalina.startup.VersionLoggerListener.log å½ä»¤è¡åæ°ï¼-Djava.io.tmpdir=catalina-home/temp
23-Jul-2020 10:13:02.641 信息 [main] org.apache.catalina.startup.VersionLoggerListener.log å½ä»¤è¡åæ°ï¼-Djava.util.logging.manager=org.apache.juli.ClassLoaderLogManager
23-Jul-2020 10:13:02.642 信息 [main] org.apache.catalina.startup.VersionLoggerListener.log å½ä»¤è¡åæ°ï¼-Djava.util.logging.config.file=catalina-home/conf/logging.properties
23-Jul-2020 10:13:02.642 信息 [main] org.apache.catalina.startup.VersionLoggerListener.log å½ä»¤è¡åæ°ï¼-javaagent:/Applications/IntelliJ IDEA.app/Contents/lib/idea_rt.jar=52085:/Applications/IntelliJ IDEA.app/Contents/bin
23-Jul-2020 10:13:02.643 信息 [main] org.apache.catalina.core.AprLifecycleListener.lifecycleEvent å¨java.library.path:[/Users/luozhipeng/Library/Java/Extensions:/Library/Java/Extensions:/Network/Library/Java/Extensions:/System/Library/Java/Extensions:/usr/lib/java:.]ä¸æ¾ä¸å°åºäºAPRçApache Tomcatæ¬æºåºï¼è¯¥åºåè®¸å¨çäº§ç¯å¢ä¸­è·å¾æä½³æ§è½
23-Jul-2020 10:13:02.907 信息 [main] org.apache.coyote.AbstractProtocol.init åå§ååè®®å¤çå¨ ["http-nio-8080"]
23-Jul-2020 10:13:02.991 信息 [main] org.apache.tomcat.util.net.NioSelectorPool.getSharedSelector Using a shared selector for servlet write/read
23-Jul-2020 10:13:03.016 信息 [main] org.apache.catalina.startup.Catalina.load Initialization processed in 1888 ms
23-Jul-2020 10:13:03.090 信息 [main] org.apache.catalina.core.StandardService.startInternal æ­£å¨å¯å¨æå¡[Catalina]
23-Jul-2020 10:13:03.091 信息 [main] org.apache.catalina.core.StandardEngine.startInternal Starting Servlet Engine: Apache Tomcat/@VERSION@
23-Jul-2020 10:13:03.109 信息 [localhost-startStop-1] org.apache.catalina.startup.HostConfig.deployDirectory æweb åºç¨ç¨åºé¨ç½²å°ç®å½ [/Users/luozhipeng/Desktop/tomcatCode/catalina-home/webapps/docs]
23-Jul-2020 10:13:03.858 信息 [localhost-startStop-1] org.apache.jasper.servlet.TldScanner.scanJars è³å°æä¸ä¸ªJARè¢«æ«æç¨äºTLDä½å°æªåå«TLDã ä¸ºæ­¤è®°å½å¨å¯ç¨è°è¯æ¥å¿è®°å½ï¼ä»¥è·åå·²æ«æä½æªå¨å¶ä¸­æ¾å°TLDçå®æ´JARåè¡¨ã å¨æ«ææé´è·³è¿ä¸éè¦çJARå¯ä»¥ç¼©ç­å¯å¨æ¶é´åJSPç¼è¯æ¶é´ã
23-Jul-2020 10:13:03.915 信息 [localhost-startStop-1] org.apache.catalina.startup.HostConfig.deployDirectory Webåºç¨ç¨åºç®å½[/Users/luozhipeng/Desktop/tomcatCode/catalina-home/webapps/docs]çé¨ç½²å·²å¨[798]æ¯«ç§åå®æ
23-Jul-2020 10:13:03.916 信息 [localhost-startStop-1] org.apache.catalina.startup.HostConfig.deployDirectory æweb åºç¨ç¨åºé¨ç½²å°ç®å½ [/Users/luozhipeng/Desktop/tomcatCode/catalina-home/webapps/manager]
23-Jul-2020 10:13:04.216 信息 [localhost-startStop-1] org.apache.jasper.servlet.TldScanner.scanJars è³å°æä¸ä¸ªJARè¢«æ«æç¨äºTLDä½å°æªåå«TLDã ä¸ºæ­¤è®°å½å¨å¯ç¨è°è¯æ¥å¿è®°å½ï¼ä»¥è·åå·²æ«æä½æªå¨å¶ä¸­æ¾å°TLDçå®æ´JARåè¡¨ã å¨æ«ææé´è·³è¿ä¸éè¦çJARå¯ä»¥ç¼©ç­å¯å¨æ¶é´åJSPç¼è¯æ¶é´ã
23-Jul-2020 10:13:04.230 信息 [localhost-startStop-1] org.apache.catalina.startup.HostConfig.deployDirectory Webåºç¨ç¨åºç®å½[/Users/luozhipeng/Desktop/tomcatCode/catalina-home/webapps/manager]çé¨ç½²å·²å¨[314]æ¯«ç§åå®æ
23-Jul-2020 10:13:04.231 信息 [localhost-startStop-1] org.apache.catalina.startup.HostConfig.deployDirectory æweb åºç¨ç¨åºé¨ç½²å°ç®å½ [/Users/luozhipeng/Desktop/tomcatCode/catalina-home/webapps/examples]
23-Jul-2020 10:13:04.587 信息 [localhost-startStop-1] org.apache.jasper.servlet.TldScanner.scanJars è³å°æä¸ä¸ªJARè¢«æ«æç¨äºTLDä½å°æªåå«TLDã ä¸ºæ­¤è®°å½å¨å¯ç¨è°è¯æ¥å¿è®°å½ï¼ä»¥è·åå·²æ«æä½æªå¨å¶ä¸­æ¾å°TLDçå®æ´JARåè¡¨ã å¨æ«ææé´è·³è¿ä¸éè¦çJARå¯ä»¥ç¼©ç­å¯å¨æ¶é´åJSPç¼è¯æ¶é´ã
23-Jul-2020 10:13:04.605 严重 [localhost-startStop-1] org.apache.catalina.core.StandardContext.startInternal ä¸ä¸ªæå¤ä¸ªlistenerså¯å¨å¤±è´¥ï¼æ´å¤è¯¦ç»ä¿¡æ¯æ¥çå¯¹åºçå®¹å¨æ¥å¿æä»¶
23-Jul-2020 10:13:04.607 严重 [localhost-startStop-1] org.apache.catalina.core.StandardContext.startInternal ç±äºä¹åçéè¯¯ï¼Context[/examples]å¯å¨å¤±è´¥
23-Jul-2020 10:13:04.618 信息 [localhost-startStop-1] org.apache.catalina.startup.HostConfig.deployDirectory Webåºç¨ç¨åºç®å½[/Users/luozhipeng/Desktop/tomcatCode/catalina-home/webapps/examples]çé¨ç½²å·²å¨[387]æ¯«ç§åå®æ
23-Jul-2020 10:13:04.618 信息 [localhost-startStop-1] org.apache.catalina.startup.HostConfig.deployDirectory æweb åºç¨ç¨åºé¨ç½²å°ç®å½ [/Users/luozhipeng/Desktop/tomcatCode/catalina-home/webapps/ROOT]
23-Jul-2020 10:13:04.816 信息 [localhost-startStop-1] org.apache.jasper.servlet.TldScanner.scanJars è³å°æä¸ä¸ªJARè¢«æ«æç¨äºTLDä½å°æªåå«TLDã ä¸ºæ­¤è®°å½å¨å¯ç¨è°è¯æ¥å¿è®°å½ï¼ä»¥è·åå·²æ«æä½æªå¨å¶ä¸­æ¾å°TLDçå®æ´JARåè¡¨ã å¨æ«ææé´è·³è¿ä¸éè¦çJARå¯ä»¥ç¼©ç­å¯å¨æ¶é´åJSPç¼è¯æ¶é´ã
23-Jul-2020 10:13:04.819 信息 [localhost-startStop-1] org.apache.catalina.startup.HostConfig.deployDirectory Webåºç¨ç¨åºç®å½[/Users/luozhipeng/Desktop/tomcatCode/catalina-home/webapps/ROOT]çé¨ç½²å·²å¨[201]æ¯«ç§åå®æ
23-Jul-2020 10:13:04.820 信息 [localhost-startStop-1] org.apache.catalina.startup.HostConfig.deployDirectory æweb åºç¨ç¨åºé¨ç½²å°ç®å½ [/Users/luozhipeng/Desktop/tomcatCode/catalina-home/webapps/host-manager]
23-Jul-2020 10:13:04.981 信息 [localhost-startStop-1] org.apache.jasper.servlet.TldScanner.scanJars è³å°æä¸ä¸ªJARè¢«æ«æç¨äºTLDä½å°æªåå«TLDã ä¸ºæ­¤è®°å½å¨å¯ç¨è°è¯æ¥å¿è®°å½ï¼ä»¥è·åå·²æ«æä½æªå¨å¶ä¸­æ¾å°TLDçå®æ´JARåè¡¨ã å¨æ«ææé´è·³è¿ä¸éè¦çJARå¯ä»¥ç¼©ç­å¯å¨æ¶é´åJSPç¼è¯æ¶é´ã
23-Jul-2020 10:13:04.983 信息 [localhost-startStop-1] org.apache.catalina.startup.HostConfig.deployDirectory Webåºç¨ç¨åºç®å½[/Users/luozhipeng/Desktop/tomcatCode/catalina-home/webapps/host-manager]çé¨ç½²å·²å¨[163]æ¯«ç§åå®æ
23-Jul-2020 10:13:04.988 信息 [main] org.apache.coyote.AbstractProtocol.start å¼å§åè®®å¤çå¥æ["http-nio-8080"]
23-Jul-2020 10:13:05.000 信息 [main] org.apache.catalina.startup.Catalina.start Server startup in 1982 ms
23-Jul-2020 10:13:54.556 信息 [Thread-4] org.apache.coyote.AbstractProtocol.pause æåProtocolHandler["http-nio-8080"]
23-Jul-2020 10:13:54.570 信息 [Thread-4] org.apache.catalina.core.StandardService.stopInternal æ­£å¨åæ­¢æå¡[Catalina]
23-Jul-2020 10:13:54.593 信息 [Thread-4] org.apache.coyote.AbstractProtocol.stop æ­£å¨åæ­¢ProtocolHandler ["http-nio-8080"]
23-Jul-2020 10:13:54.604 信息 [Thread-4] org.apache.coyote.AbstractProtocol.destroy æ­£å¨æ§æ¯åè®®å¤çå¨ ["http-nio-8080"]
23-Jul-2020 10:15:02.743 INFO [main] org.apache.catalina.startup.VersionLoggerListener.log Server version name:   Apache Tomcat/@VERSION@
23-Jul-2020 10:15:02.746 INFO [main] org.apache.catalina.startup.VersionLoggerListener.log Server built:          @VERSION_BUILT@
23-Jul-2020 10:15:02.746 INFO [main] org.apache.catalina.startup.VersionLoggerListener.log Server version number: @VERSION_NUMBER@
23-Jul-2020 10:15:02.746 INFO [main] org.apache.catalina.startup.VersionLoggerListener.log OS Name:               Mac OS X
23-Jul-2020 10:15:02.747 INFO [main] org.apache.catalina.startup.VersionLoggerListener.log OS Version:            10.15.6
23-Jul-2020 10:15:02.747 INFO [main] org.apache.catalina.startup.VersionLoggerListener.log Architecture:          x86_64
23-Jul-2020 10:15:02.747 INFO [main] org.apache.catalina.startup.VersionLoggerListener.log Java Home:             /Library/Java/JavaVirtualMachines/jdk1.8.0_231.jdk/Contents/Home/jre
23-Jul-2020 10:15:02.747 INFO [main] org.apache.catalina.startup.VersionLoggerListener.log JVM Version:           1.8.0_231-b11
23-Jul-2020 10:15:02.747 INFO [main] org.apache.catalina.startup.VersionLoggerListener.log JVM Vendor:            Oracle Corporation
23-Jul-2020 10:15:02.747 INFO [main] org.apache.catalina.startup.VersionLoggerListener.log CATALINA_BASE:         /Users/luozhipeng/Desktop/tomcatCode/catalina-home
23-Jul-2020 10:15:02.751 INFO [main] org.apache.catalina.startup.VersionLoggerListener.log CATALINA_HOME:         /Users/luozhipeng/Desktop/tomcatCode/catalina-home
23-Jul-2020 10:15:02.753 INFO [main] org.apache.catalina.startup.VersionLoggerListener.log Command line argument: -Dfile.encoding=UTF-8
23-Jul-2020 10:15:02.753 INFO [main] org.apache.catalina.startup.VersionLoggerListener.log Command line argument: -Duser.language=en
23-Jul-2020 10:15:02.753 INFO [main] org.apache.catalina.startup.VersionLoggerListener.log Command line argument: -Duser.region=US
23-Jul-2020 10:15:02.754 INFO [main] org.apache.catalina.startup.VersionLoggerListener.log Command line argument: -Dcatalina.home=catalina-home
23-Jul-2020 10:15:02.754 INFO [main] org.apache.catalina.startup.VersionLoggerListener.log Command line argument: -Dcatalina.base=catalina-home
23-Jul-2020 10:15:02.754 INFO [main] org.apache.catalina.startup.VersionLoggerListener.log Command line argument: -Djava.endorsed.dirs=catalina-home/endorsed
23-Jul-2020 10:15:02.754 INFO [main] org.apache.catalina.startup.VersionLoggerListener.log Command line argument: -Djava.io.tmpdir=catalina-home/temp
23-Jul-2020 10:15:02.754 INFO [main] org.apache.catalina.startup.VersionLoggerListener.log Command line argument: -Djava.util.logging.manager=org.apache.juli.ClassLoaderLogManager
23-Jul-2020 10:15:02.754 INFO [main] org.apache.catalina.startup.VersionLoggerListener.log Command line argument: -Djava.util.logging.config.file=catalina-home/conf/logging.properties
23-Jul-2020 10:15:02.755 INFO [main] org.apache.catalina.startup.VersionLoggerListener.log Command line argument: -javaagent:/Applications/IntelliJ IDEA.app/Contents/lib/idea_rt.jar=52111:/Applications/IntelliJ IDEA.app/Contents/bin
23-Jul-2020 10:15:02.755 INFO [main] org.apache.catalina.core.AprLifecycleListener.lifecycleEvent The Apache Tomcat Native library which allows using OpenSSL was not found on the java.library.path: [/Users/luozhipeng/Library/Java/Extensions:/Library/Java/Extensions:/Network/Library/Java/Extensions:/System/Library/Java/Extensions:/usr/lib/java:.]
23-Jul-2020 10:15:02.997 INFO [main] org.apache.coyote.AbstractProtocol.init Initializing ProtocolHandler ["http-nio-8080"]
23-Jul-2020 10:15:03.077 INFO [main] org.apache.tomcat.util.net.NioSelectorPool.getSharedSelector Using a shared selector for servlet write/read
23-Jul-2020 10:15:03.136 INFO [main] org.apache.catalina.startup.Catalina.load Initialization processed in 1472 ms
23-Jul-2020 10:15:03.255 INFO [main] org.apache.catalina.core.StandardService.startInternal Starting service [Catalina]
23-Jul-2020 10:15:03.256 INFO [main] org.apache.catalina.core.StandardEngine.startInternal Starting Servlet Engine: Apache Tomcat/@VERSION@
23-Jul-2020 10:15:03.285 INFO [localhost-startStop-1] org.apache.catalina.startup.HostConfig.deployDirectory Deploying web application directory [/Users/luozhipeng/Desktop/tomcatCode/catalina-home/webapps/docs]
23-Jul-2020 10:15:04.055 INFO [localhost-startStop-1] org.apache.jasper.servlet.TldScanner.scanJars At least one JAR was scanned for TLDs yet contained no TLDs. Enable debug logging for this logger for a complete list of JARs that were scanned but no TLDs were found in them. Skipping unneeded JARs during scanning can improve startup time and JSP compilation time.
23-Jul-2020 10:15:04.136 INFO [localhost-startStop-1] org.apache.catalina.startup.HostConfig.deployDirectory Deployment of web application directory [/Users/luozhipeng/Desktop/tomcatCode/catalina-home/webapps/docs] has finished in [850] ms
23-Jul-2020 10:15:04.136 INFO [localhost-startStop-1] org.apache.catalina.startup.HostConfig.deployDirectory Deploying web application directory [/Users/luozhipeng/Desktop/tomcatCode/catalina-home/webapps/manager]
23-Jul-2020 10:15:04.367 INFO [localhost-startStop-1] org.apache.jasper.servlet.TldScanner.scanJars At least one JAR was scanned for TLDs yet contained no TLDs. Enable debug logging for this logger for a complete list of JARs that were scanned but no TLDs were found in them. Skipping unneeded JARs during scanning can improve startup time and JSP compilation time.
23-Jul-2020 10:15:04.394 INFO [localhost-startStop-1] org.apache.catalina.startup.HostConfig.deployDirectory Deployment of web application directory [/Users/luozhipeng/Desktop/tomcatCode/catalina-home/webapps/manager] has finished in [258] ms
23-Jul-2020 10:15:04.397 INFO [localhost-startStop-1] org.apache.catalina.startup.HostConfig.deployDirectory Deploying web application directory [/Users/luozhipeng/Desktop/tomcatCode/catalina-home/webapps/examples]
23-Jul-2020 10:15:04.904 INFO [localhost-startStop-1] org.apache.jasper.servlet.TldScanner.scanJars At least one JAR was scanned for TLDs yet contained no TLDs. Enable debug logging for this logger for a complete list of JARs that were scanned but no TLDs were found in them. Skipping unneeded JARs during scanning can improve startup time and JSP compilation time.
23-Jul-2020 10:15:04.931 SEVERE [localhost-startStop-1] org.apache.catalina.core.StandardContext.startInternal One or more listeners failed to start. Full details will be found in the appropriate container log file
23-Jul-2020 10:15:04.933 SEVERE [localhost-startStop-1] org.apache.catalina.core.StandardContext.startInternal Context [/examples] startup failed due to previous errors
23-Jul-2020 10:15:04.950 INFO [localhost-startStop-1] org.apache.catalina.startup.HostConfig.deployDirectory Deployment of web application directory [/Users/luozhipeng/Desktop/tomcatCode/catalina-home/webapps/examples] has finished in [553] ms
23-Jul-2020 10:15:04.951 INFO [localhost-startStop-1] org.apache.catalina.startup.HostConfig.deployDirectory Deploying web application directory [/Users/luozhipeng/Desktop/tomcatCode/catalina-home/webapps/ROOT]
23-Jul-2020 10:15:05.186 INFO [localhost-startStop-1] org.apache.jasper.servlet.TldScanner.scanJars At least one JAR was scanned for TLDs yet contained no TLDs. Enable debug logging for this logger for a complete list of JARs that were scanned but no TLDs were found in them. Skipping unneeded JARs during scanning can improve startup time and JSP compilation time.
23-Jul-2020 10:15:05.189 INFO [localhost-startStop-1] org.apache.catalina.startup.HostConfig.deployDirectory Deployment of web application directory [/Users/luozhipeng/Desktop/tomcatCode/catalina-home/webapps/ROOT] has finished in [237] ms
23-Jul-2020 10:15:05.191 INFO [localhost-startStop-1] org.apache.catalina.startup.HostConfig.deployDirectory Deploying web application directory [/Users/luozhipeng/Desktop/tomcatCode/catalina-home/webapps/host-manager]
23-Jul-2020 10:15:05.472 INFO [localhost-startStop-1] org.apache.jasper.servlet.TldScanner.scanJars At least one JAR was scanned for TLDs yet contained no TLDs. Enable debug logging for this logger for a complete list of JARs that were scanned but no TLDs were found in them. Skipping unneeded JARs during scanning can improve startup time and JSP compilation time.
23-Jul-2020 10:15:05.476 INFO [localhost-startStop-1] org.apache.catalina.startup.HostConfig.deployDirectory Deployment of web application directory [/Users/luozhipeng/Desktop/tomcatCode/catalina-home/webapps/host-manager] has finished in [286] ms
23-Jul-2020 10:15:05.481 INFO [main] org.apache.coyote.AbstractProtocol.start Starting ProtocolHandler ["http-nio-8080"]
23-Jul-2020 10:15:05.494 INFO [main] org.apache.catalina.startup.Catalina.start Server startup in 2355 ms
23-Jul-2020 10:23:11.917 INFO [Thread-4] org.apache.coyote.AbstractProtocol.pause Pausing ProtocolHandler ["http-nio-8080"]
23-Jul-2020 10:23:11.923 INFO [Thread-4] org.apache.catalina.core.StandardService.stopInternal Stopping service [Catalina]
23-Jul-2020 10:23:11.945 INFO [Thread-4] org.apache.coyote.AbstractProtocol.stop Stopping ProtocolHandler ["http-nio-8080"]
23-Jul-2020 10:23:11.950 INFO [Thread-4] org.apache.coyote.AbstractProtocol.destroy Destroying ProtocolHandler ["http-nio-8080"]
23-Jul-2020 10:23:23.764 INFO [main] org.apache.catalina.startup.VersionLoggerListener.log Server version name:   Apache Tomcat/@VERSION@
23-Jul-2020 10:23:23.768 INFO [main] org.apache.catalina.startup.VersionLoggerListener.log Server built:          @VERSION_BUILT@
23-Jul-2020 10:23:23.768 INFO [main] org.apache.catalina.startup.VersionLoggerListener.log Server version number: @VERSION_NUMBER@
23-Jul-2020 10:23:23.768 INFO [main] org.apache.catalina.startup.VersionLoggerListener.log OS Name:               Mac OS X
23-Jul-2020 10:23:23.768 INFO [main] org.apache.catalina.startup.VersionLoggerListener.log OS Version:            10.15.6
23-Jul-2020 10:23:23.769 INFO [main] org.apache.catalina.startup.VersionLoggerListener.log Architecture:          x86_64
23-Jul-2020 10:23:23.769 INFO [main] org.apache.catalina.startup.VersionLoggerListener.log Java Home:             /Library/Java/JavaVirtualMachines/jdk1.8.0_231.jdk/Contents/Home/jre
23-Jul-2020 10:23:23.769 INFO [main] org.apache.catalina.startup.VersionLoggerListener.log JVM Version:           1.8.0_231-b11
23-Jul-2020 10:23:23.770 INFO [main] org.apache.catalina.startup.VersionLoggerListener.log JVM Vendor:            Oracle Corporation
23-Jul-2020 10:23:23.770 INFO [main] org.apache.catalina.startup.VersionLoggerListener.log CATALINA_BASE:         /Users/luozhipeng/Desktop/tomcatCode/catalina-home
23-Jul-2020 10:23:23.770 INFO [main] org.apache.catalina.startup.VersionLoggerListener.log CATALINA_HOME:         /Users/luozhipeng/Desktop/tomcatCode/catalina-home
23-Jul-2020 10:23:23.772 INFO [main] org.apache.catalina.startup.VersionLoggerListener.log Command line argument: -Dfile.encoding=UTF-8
23-Jul-2020 10:23:23.772 INFO [main] org.apache.catalina.startup.VersionLoggerListener.log Command line argument: -Duser.language=en
23-Jul-2020 10:23:23.773 INFO [main] org.apache.catalina.startup.VersionLoggerListener.log Command line argument: -Duser.region=US
23-Jul-2020 10:23:23.773 INFO [main] org.apache.catalina.startup.VersionLoggerListener.log Command line argument: -Dcatalina.home=catalina-home
23-Jul-2020 10:23:23.773 INFO [main] org.apache.catalina.startup.VersionLoggerListener.log Command line argument: -Dcatalina.base=catalina-home
23-Jul-2020 10:23:23.773 INFO [main] org.apache.catalina.startup.VersionLoggerListener.log Command line argument: -Djava.endorsed.dirs=catalina-home/endorsed
23-Jul-2020 10:23:23.773 INFO [main] org.apache.catalina.startup.VersionLoggerListener.log Command line argument: -Djava.io.tmpdir=catalina-home/temp
23-Jul-2020 10:23:23.773 INFO [main] org.apache.catalina.startup.VersionLoggerListener.log Command line argument: -Djava.util.logging.manager=org.apache.juli.ClassLoaderLogManager
23-Jul-2020 10:23:23.774 INFO [main] org.apache.catalina.startup.VersionLoggerListener.log Command line argument: -Djava.util.logging.config.file=catalina-home/conf/logging.properties
23-Jul-2020 10:23:23.774 INFO [main] org.apache.catalina.startup.VersionLoggerListener.log Command line argument: -javaagent:/Applications/IntelliJ IDEA.app/Contents/lib/idea_rt.jar=52401:/Applications/IntelliJ IDEA.app/Contents/bin
23-Jul-2020 10:23:23.774 INFO [main] org.apache.catalina.core.AprLifecycleListener.lifecycleEvent The Apache Tomcat Native library which allows using OpenSSL was not found on the java.library.path: [/Users/luozhipeng/Library/Java/Extensions:/Library/Java/Extensions:/Network/Library/Java/Extensions:/System/Library/Java/Extensions:/usr/lib/java:.]
23-Jul-2020 10:23:24.150 INFO [main] org.apache.coyote.AbstractProtocol.init Initializing ProtocolHandler ["http-nio-8080"]
23-Jul-2020 10:23:24.247 INFO [main] org.apache.tomcat.util.net.NioSelectorPool.getSharedSelector Using a shared selector for servlet write/read
23-Jul-2020 10:23:24.341 INFO [main] org.apache.catalina.startup.Catalina.load Initialization processed in 1837 ms
23-Jul-2020 10:23:24.449 INFO [main] org.apache.catalina.core.StandardService.startInternal Starting service [Catalina]
23-Jul-2020 10:23:24.449 INFO [main] org.apache.catalina.core.StandardEngine.startInternal Starting Servlet Engine: Apache Tomcat/@VERSION@
23-Jul-2020 10:23:24.473 INFO [localhost-startStop-1] org.apache.catalina.startup.HostConfig.deployDirectory Deploying web application directory [/Users/luozhipeng/Desktop/tomcatCode/catalina-home/webapps/docs]
23-Jul-2020 10:23:25.483 INFO [localhost-startStop-1] org.apache.jasper.servlet.TldScanner.scanJars At least one JAR was scanned for TLDs yet contained no TLDs. Enable debug logging for this logger for a complete list of JARs that were scanned but no TLDs were found in them. Skipping unneeded JARs during scanning can improve startup time and JSP compilation time.
23-Jul-2020 10:23:25.560 INFO [localhost-startStop-1] org.apache.catalina.startup.HostConfig.deployDirectory Deployment of web application directory [/Users/luozhipeng/Desktop/tomcatCode/catalina-home/webapps/docs] has finished in [1,087] ms
23-Jul-2020 10:23:25.561 INFO [localhost-startStop-1] org.apache.catalina.startup.HostConfig.deployDirectory Deploying web application directory [/Users/luozhipeng/Desktop/tomcatCode/catalina-home/webapps/manager]
23-Jul-2020 10:23:25.855 INFO [localhost-startStop-1] org.apache.jasper.servlet.TldScanner.scanJars At least one JAR was scanned for TLDs yet contained no TLDs. Enable debug logging for this logger for a complete list of JARs that were scanned but no TLDs were found in them. Skipping unneeded JARs during scanning can improve startup time and JSP compilation time.
23-Jul-2020 10:23:25.868 INFO [localhost-startStop-1] org.apache.catalina.startup.HostConfig.deployDirectory Deployment of web application directory [/Users/luozhipeng/Desktop/tomcatCode/catalina-home/webapps/manager] has finished in [305] ms
23-Jul-2020 10:23:25.868 INFO [localhost-startStop-1] org.apache.catalina.startup.HostConfig.deployDirectory Deploying web application directory [/Users/luozhipeng/Desktop/tomcatCode/catalina-home/webapps/examples]
23-Jul-2020 10:23:26.528 INFO [localhost-startStop-1] org.apache.jasper.servlet.TldScanner.scanJars At least one JAR was scanned for TLDs yet contained no TLDs. Enable debug logging for this logger for a complete list of JARs that were scanned but no TLDs were found in them. Skipping unneeded JARs during scanning can improve startup time and JSP compilation time.
23-Jul-2020 10:23:26.551 SEVERE [localhost-startStop-1] org.apache.catalina.core.StandardContext.startInternal One or more listeners failed to start. Full details will be found in the appropriate container log file
23-Jul-2020 10:23:26.553 SEVERE [localhost-startStop-1] org.apache.catalina.core.StandardContext.startInternal Context [/examples] startup failed due to previous errors
23-Jul-2020 10:23:26.567 INFO [localhost-startStop-1] org.apache.catalina.startup.HostConfig.deployDirectory Deployment of web application directory [/Users/luozhipeng/Desktop/tomcatCode/catalina-home/webapps/examples] has finished in [699] ms
23-Jul-2020 10:23:26.568 INFO [localhost-startStop-1] org.apache.catalina.startup.HostConfig.deployDirectory Deploying web application directory [/Users/luozhipeng/Desktop/tomcatCode/catalina-home/webapps/ROOT]
23-Jul-2020 10:23:26.830 INFO [localhost-startStop-1] org.apache.jasper.servlet.TldScanner.scanJars At least one JAR was scanned for TLDs yet contained no TLDs. Enable debug logging for this logger for a complete list of JARs that were scanned but no TLDs were found in them. Skipping unneeded JARs during scanning can improve startup time and JSP compilation time.
23-Jul-2020 10:23:26.833 INFO [localhost-startStop-1] org.apache.catalina.startup.HostConfig.deployDirectory Deployment of web application directory [/Users/luozhipeng/Desktop/tomcatCode/catalina-home/webapps/ROOT] has finished in [266] ms
23-Jul-2020 10:23:26.836 INFO [localhost-startStop-1] org.apache.catalina.startup.HostConfig.deployDirectory Deploying web application directory [/Users/luozhipeng/Desktop/tomcatCode/catalina-home/webapps/host-manager]
23-Jul-2020 10:23:26.996 INFO [localhost-startStop-1] org.apache.jasper.servlet.TldScanner.scanJars At least one JAR was scanned for TLDs yet contained no TLDs. Enable debug logging for this logger for a complete list of JARs that were scanned but no TLDs were found in them. Skipping unneeded JARs during scanning can improve startup time and JSP compilation time.
23-Jul-2020 10:23:26.999 INFO [localhost-startStop-1] org.apache.catalina.startup.HostConfig.deployDirectory Deployment of web application directory [/Users/luozhipeng/Desktop/tomcatCode/catalina-home/webapps/host-manager] has finished in [163] ms
23-Jul-2020 10:23:27.004 INFO [main] org.apache.coyote.AbstractProtocol.start Starting ProtocolHandler ["http-nio-8080"]
23-Jul-2020 10:23:27.018 INFO [main] org.apache.catalina.startup.Catalina.start Server startup in 2676 ms
23-Jul-2020 10:38:14.768 INFO [Thread-4] org.apache.coyote.AbstractProtocol.pause Pausing ProtocolHandler ["http-nio-8080"]
23-Jul-2020 10:38:14.794 INFO [Thread-4] org.apache.catalina.core.StandardService.stopInternal Stopping service [Catalina]
23-Jul-2020 10:38:14.836 INFO [Thread-4] org.apache.coyote.AbstractProtocol.stop Stopping ProtocolHandler ["http-nio-8080"]
23-Jul-2020 10:38:14.846 INFO [Thread-4] org.apache.coyote.AbstractProtocol.destroy Destroying ProtocolHandler ["http-nio-8080"]
